2024-05-12 17:25:06.155 [main] INFO  o.s.t.c.s.AnnotationConfigContextLoaderUtils - Could not detect default configuration classes for test class [org.unibl.etf.product.ProductServiceApplicationTests]: ProductServiceApplicationTests does not declare any static, non-private, non-final, nested classes annotated with @Configuration.
2024-05-12 17:25:06.295 [main] INFO  o.s.b.t.c.SpringBootTestContextBootstrapper - Found @SpringBootConfiguration org.unibl.etf.product.ProductServiceApplication for test class org.unibl.etf.product.ProductServiceApplicationTests
2024-05-12 17:25:06.849 [main] INFO  o.u.e.p.ProductServiceApplicationTests - Starting ProductServiceApplicationTests using Java 17.0.2 with PID 19820 (started by LENOVO in C:\WSWS\ProductService)
2024-05-12 17:25:06.851 [main] INFO  o.u.e.p.ProductServiceApplicationTests - No active profile set, falling back to 1 default profile: "default"
2024-05-12 17:25:07.687 [main] INFO  o.s.d.r.c.RepositoryConfigurationDelegate - Bootstrapping Spring Data JPA repositories in DEFAULT mode.
2024-05-12 17:25:07.772 [main] INFO  o.s.d.r.c.RepositoryConfigurationDelegate - Finished Spring Data repository scanning in 74 ms. Found 2 JPA repository interfaces.
2024-05-12 17:25:08.344 [main] INFO  com.zaxxer.hikari.HikariDataSource - HikariPool-1 - Starting...
2024-05-12 17:25:08.962 [main] INFO  com.zaxxer.hikari.pool.HikariPool - HikariPool-1 - Added connection com.mysql.cj.jdbc.ConnectionImpl@de77146
2024-05-12 17:25:08.965 [main] INFO  com.zaxxer.hikari.HikariDataSource - HikariPool-1 - Start completed.
2024-05-12 17:25:09.017 [main] INFO  o.h.jpa.internal.util.LogHelper - HHH000204: Processing PersistenceUnitInfo [name: default]
2024-05-12 17:25:09.121 [main] INFO  org.hibernate.Version - HHH000412: Hibernate ORM core version 6.4.4.Final
2024-05-12 17:25:09.207 [main] INFO  o.h.c.i.RegionFactoryInitiator - HHH000026: Second-level cache disabled
2024-05-12 17:25:10.018 [main] INFO  o.s.o.j.p.SpringPersistenceUnitInfo - No LoadTimeWeaver setup: ignoring JPA class transformer
2024-05-12 17:25:11.244 [main] INFO  o.h.e.t.j.p.i.JtaPlatformInitiator - HHH000489: No JTA platform available (set 'hibernate.transaction.jta.platform' to enable JTA platform integration)
2024-05-12 17:25:11.499 [main] INFO  o.s.o.j.LocalContainerEntityManagerFactoryBean - Initialized JPA EntityManagerFactory for persistence unit 'default'
2024-05-12 17:25:12.367 [main] INFO  o.u.e.p.ProductServiceApplicationTests - Started ProductServiceApplicationTests in 5.803 seconds (process running for 7.189)
2024-05-12 17:25:13.041 [SpringApplicationShutdownHook] INFO  o.s.o.j.LocalContainerEntityManagerFactoryBean - Closing JPA EntityManagerFactory for persistence unit 'default'
2024-05-12 17:25:13.044 [SpringApplicationShutdownHook] INFO  com.zaxxer.hikari.HikariDataSource - HikariPool-1 - Shutdown initiated...
2024-05-12 17:25:13.061 [SpringApplicationShutdownHook] INFO  com.zaxxer.hikari.HikariDataSource - HikariPool-1 - Shutdown completed.
2024-05-12 15:25:59.805 [main] INFO  o.u.e.p.ProductServiceApplication - Starting ProductServiceApplication v0.0.1-SNAPSHOT using Java 18.0.2.1 with PID 1 (/ProductService-0.0.1-SNAPSHOT.jar started by root in /)
2024-05-12 15:25:59.809 [main] INFO  o.u.e.p.ProductServiceApplication - No active profile set, falling back to 1 default profile: "default"
2024-05-12 15:26:00.737 [main] INFO  o.s.d.r.c.RepositoryConfigurationDelegate - Bootstrapping Spring Data JPA repositories in DEFAULT mode.
2024-05-12 15:26:00.798 [main] INFO  o.s.d.r.c.RepositoryConfigurationDelegate - Finished Spring Data repository scanning in 52 ms. Found 2 JPA repository interfaces.
2024-05-12 15:26:01.400 [main] INFO  o.s.b.w.e.tomcat.TomcatWebServer - Tomcat initialized with port 8082 (http)
2024-05-12 15:26:01.411 [main] INFO  o.a.coyote.http11.Http11NioProtocol - Initializing ProtocolHandler ["http-nio-8082"]
2024-05-12 15:26:01.414 [main] INFO  o.a.catalina.core.StandardService - Starting service [Tomcat]
2024-05-12 15:26:01.414 [main] INFO  o.a.catalina.core.StandardEngine - Starting Servlet engine: [Apache Tomcat/10.1.20]
2024-05-12 15:26:01.458 [main] INFO  o.a.c.c.C.[Tomcat].[localhost].[/] - Initializing Spring embedded WebApplicationContext
2024-05-12 15:26:01.459 [main] INFO  o.s.b.w.s.c.ServletWebServerApplicationContext - Root WebApplicationContext: initialization completed in 1500 ms
2024-05-12 15:26:01.583 [main] INFO  com.zaxxer.hikari.HikariDataSource - HikariPool-1 - Starting...
2024-05-12 15:26:02.011 [main] INFO  com.zaxxer.hikari.pool.HikariPool - HikariPool-1 - Added connection com.mysql.cj.jdbc.ConnectionImpl@27960b1e
2024-05-12 15:26:02.013 [main] INFO  com.zaxxer.hikari.HikariDataSource - HikariPool-1 - Start completed.
2024-05-12 15:26:02.048 [main] INFO  o.h.jpa.internal.util.LogHelper - HHH000204: Processing PersistenceUnitInfo [name: default]
2024-05-12 15:26:02.095 [main] INFO  org.hibernate.Version - HHH000412: Hibernate ORM core version 6.4.4.Final
2024-05-12 15:26:02.144 [main] INFO  o.h.c.i.RegionFactoryInitiator - HHH000026: Second-level cache disabled
2024-05-12 15:26:02.491 [main] INFO  o.s.o.j.p.SpringPersistenceUnitInfo - No LoadTimeWeaver setup: ignoring JPA class transformer
2024-05-12 15:26:03.403 [main] INFO  o.h.e.t.j.p.i.JtaPlatformInitiator - HHH000489: No JTA platform available (set 'hibernate.transaction.jta.platform' to enable JTA platform integration)
2024-05-12 15:26:03.632 [main] INFO  o.s.o.j.LocalContainerEntityManagerFactoryBean - Initialized JPA EntityManagerFactory for persistence unit 'default'
2024-05-12 15:26:04.277 [main] INFO  o.a.coyote.http11.Http11NioProtocol - Starting ProtocolHandler ["http-nio-8082"]
2024-05-12 15:26:04.295 [main] INFO  o.s.b.w.e.tomcat.TomcatWebServer - Tomcat started on port 8082 (http) with context path ''
2024-05-12 15:26:04.311 [main] INFO  o.u.e.p.ProductServiceApplication - Started ProductServiceApplication in 4.924 seconds (process running for 5.653)
2024-05-12 15:27:08.019 [SpringApplicationShutdownHook] INFO  o.s.o.j.LocalContainerEntityManagerFactoryBean - Closing JPA EntityManagerFactory for persistence unit 'default'
2024-05-12 15:27:08.023 [SpringApplicationShutdownHook] INFO  com.zaxxer.hikari.HikariDataSource - HikariPool-1 - Shutdown initiated...
2024-05-12 15:27:08.054 [SpringApplicationShutdownHook] INFO  com.zaxxer.hikari.HikariDataSource - HikariPool-1 - Shutdown completed.
2024-05-12 16:46:58.418 [main] INFO  o.u.e.p.ProductServiceApplication - Starting ProductServiceApplication v0.0.1-SNAPSHOT using Java 18.0.2.1 with PID 1 (/ProductService-0.0.1-SNAPSHOT.jar started by root in /)
2024-05-12 16:46:58.432 [main] INFO  o.u.e.p.ProductServiceApplication - No active profile set, falling back to 1 default profile: "default"
2024-05-12 16:47:00.153 [main] INFO  o.s.d.r.c.RepositoryConfigurationDelegate - Bootstrapping Spring Data JPA repositories in DEFAULT mode.
2024-05-12 16:47:00.288 [main] INFO  o.s.d.r.c.RepositoryConfigurationDelegate - Finished Spring Data repository scanning in 111 ms. Found 2 JPA repository interfaces.
2024-05-12 16:47:01.465 [main] INFO  o.s.b.w.e.tomcat.TomcatWebServer - Tomcat initialized with port 8082 (http)
2024-05-12 16:47:01.485 [main] INFO  o.a.coyote.http11.Http11NioProtocol - Initializing ProtocolHandler ["http-nio-8082"]
2024-05-12 16:47:01.490 [main] INFO  o.a.catalina.core.StandardService - Starting service [Tomcat]
2024-05-12 16:47:01.492 [main] INFO  o.a.catalina.core.StandardEngine - Starting Servlet engine: [Apache Tomcat/10.1.20]
2024-05-12 16:47:01.547 [main] INFO  o.a.c.c.C.[Tomcat].[localhost].[/] - Initializing Spring embedded WebApplicationContext
2024-05-12 16:47:01.549 [main] INFO  o.s.b.w.s.c.ServletWebServerApplicationContext - Root WebApplicationContext: initialization completed in 2876 ms
2024-05-12 16:47:01.881 [main] INFO  com.zaxxer.hikari.HikariDataSource - HikariPool-1 - Starting...
2024-05-12 16:47:03.530 [main] INFO  com.zaxxer.hikari.pool.HikariPool - HikariPool-1 - Added connection com.mysql.cj.jdbc.ConnectionImpl@37e0056e
2024-05-12 16:47:03.539 [main] INFO  com.zaxxer.hikari.HikariDataSource - HikariPool-1 - Start completed.
2024-05-12 16:47:03.742 [main] INFO  o.h.jpa.internal.util.LogHelper - HHH000204: Processing PersistenceUnitInfo [name: default]
2024-05-12 16:47:04.084 [main] INFO  org.hibernate.Version - HHH000412: Hibernate ORM core version 6.4.4.Final
2024-05-12 16:47:04.200 [main] INFO  o.h.c.i.RegionFactoryInitiator - HHH000026: Second-level cache disabled
2024-05-12 16:47:04.895 [main] INFO  o.s.o.j.p.SpringPersistenceUnitInfo - No LoadTimeWeaver setup: ignoring JPA class transformer
2024-05-12 16:47:06.367 [main] INFO  o.h.e.t.j.p.i.JtaPlatformInitiator - HHH000489: No JTA platform available (set 'hibernate.transaction.jta.platform' to enable JTA platform integration)
2024-05-12 16:47:06.831 [main] INFO  o.s.o.j.LocalContainerEntityManagerFactoryBean - Initialized JPA EntityManagerFactory for persistence unit 'default'
2024-05-12 16:47:07.918 [main] INFO  o.a.coyote.http11.Http11NioProtocol - Starting ProtocolHandler ["http-nio-8082"]
2024-05-12 16:47:07.967 [main] INFO  o.s.b.w.e.tomcat.TomcatWebServer - Tomcat started on port 8082 (http) with context path ''
2024-05-12 16:47:07.999 [main] INFO  o.u.e.p.ProductServiceApplication - Started ProductServiceApplication in 10.989 seconds (process running for 15.178)
2024-05-12 16:47:08.335 [http-nio-8082-exec-1] INFO  o.a.c.c.C.[Tomcat].[localhost].[/] - Initializing Spring DispatcherServlet 'dispatcherServlet'
2024-05-12 16:47:08.336 [http-nio-8082-exec-1] INFO  o.s.web.servlet.DispatcherServlet - Initializing Servlet 'dispatcherServlet'
2024-05-12 16:47:08.339 [http-nio-8082-exec-1] INFO  o.s.web.servlet.DispatcherServlet - Completed initialization in 2 ms
2024-05-12 16:47:08.435 [http-nio-8082-exec-1] INFO  o.u.e.p.s.i.PlateServiceImpl - Request for all plates
2024-05-12 16:47:24.754 [http-nio-8082-exec-2] INFO  o.u.e.p.s.i.PlateServiceImpl - Request for all plates
2024-05-12 16:47:26.777 [http-nio-8082-exec-3] INFO  o.u.e.p.s.i.PlateServiceImpl - Request for plate by id: 5
2024-05-12 16:47:42.773 [http-nio-8082-exec-4] INFO  o.u.e.p.s.i.PlateServiceImpl - Request for plate by id: 1
2024-05-12 16:47:52.985 [http-nio-8082-exec-5] INFO  o.u.e.p.s.i.PlateServiceImpl - Request for plate by id: 7
2024-05-12 16:48:47.452 [http-nio-8082-exec-6] INFO  o.u.e.p.s.i.PlateServiceImpl - Request for all plates
2024-05-12 16:48:49.264 [http-nio-8082-exec-7] INFO  o.u.e.p.s.i.PlateServiceImpl - Request for all plates
2024-05-12 16:48:50.994 [http-nio-8082-exec-8] INFO  o.u.e.p.s.i.PlateServiceImpl - Request for plate by id: 2
2024-05-12 16:48:56.883 [http-nio-8082-exec-9] INFO  o.u.e.p.s.i.PlateServiceImpl - Request for plate by id: 3
2024-05-12 16:49:00.755 [http-nio-8082-exec-10] INFO  o.u.e.p.s.i.PlateServiceImpl - Request for plate by id: 6
2024-05-12 16:51:17.130 [http-nio-8082-exec-2] INFO  o.u.e.p.s.i.PlateServiceImpl - Saved plate with id: 1
2024-05-12 16:51:21.186 [http-nio-8082-exec-3] INFO  o.u.e.p.s.i.PlateServiceImpl - Saved plate with id: 2
2024-05-12 16:51:25.438 [http-nio-8082-exec-4] INFO  o.u.e.p.s.i.PlateServiceImpl - Saved plate with id: 3
2024-05-12 16:51:29.507 [http-nio-8082-exec-5] INFO  o.u.e.p.s.i.PlateServiceImpl - Saved plate with id: 4
2024-05-12 16:51:33.577 [http-nio-8082-exec-6] INFO  o.u.e.p.s.i.PlateServiceImpl - Saved plate with id: 5
2024-05-12 16:51:37.641 [http-nio-8082-exec-7] INFO  o.u.e.p.s.i.PlateServiceImpl - Saved plate with id: 6
2024-05-12 16:52:15.518 [http-nio-8082-exec-8] INFO  o.u.e.p.s.i.PlateServiceImpl - Request for all plates
2024-05-12 16:52:19.749 [http-nio-8082-exec-9] INFO  o.u.e.p.s.i.PlateServiceImpl - Request for all plates
2024-05-12 16:52:22.567 [http-nio-8082-exec-10] INFO  o.u.e.p.s.i.PlateServiceImpl - Request for all plates
2024-05-12 16:52:24.313 [http-nio-8082-exec-1] INFO  o.u.e.p.s.i.PlateServiceImpl - Request for all plates
2024-05-12 16:52:55.100 [SpringApplicationShutdownHook] INFO  o.s.o.j.LocalContainerEntityManagerFactoryBean - Closing JPA EntityManagerFactory for persistence unit 'default'
2024-05-12 16:52:55.107 [SpringApplicationShutdownHook] INFO  com.zaxxer.hikari.HikariDataSource - HikariPool-1 - Shutdown initiated...
2024-05-12 16:52:55.147 [SpringApplicationShutdownHook] INFO  com.zaxxer.hikari.HikariDataSource - HikariPool-1 - Shutdown completed.
